<?xml version="1.0" encoding="UTF-8"?>
<testng-results skipped="0" failed="0" ignored="0" total="1" passed="1">
  <reporter-output>
  </reporter-output>
  <suite name="Default suite" duration-ms="85" started-at="2022-10-12T12:48:27 IST" finished-at="2022-10-12T12:48:27 IST">
    <groups>
    </groups>
    <test name="Default test" duration-ms="85" started-at="2022-10-12T12:48:27 IST" finished-at="2022-10-12T12:48:27 IST">
      <class name="QSPIDER.Demo1">
        <test-method status="PASS" signature="test()[pri:0, instance:QSPIDER.Demo1@80503]" name="test" duration-ms="12" started-at="2022-10-12T12:48:27 IST" finished-at="2022-10-12T12:48:27 IST">
          <reporter-output>
          </reporter-output>
        </test-method> <!-- test -->
      </class> <!-- QSPIDER.Demo1 -->
    </test> <!-- Default test -->
  </suite> <!-- Default suite -->
</testng-results>
